# JRE version: Java(TM) SE Runtime Environment (8.0_73-b02) (build 1.8.0_73-b02)
# Java VM: Java HotSpot(TM) Client VM (25.73-b02 mixed mode windows-x86 )
Heap:
 def new generation   total 9024K, used 3429K [0x03c00000, 0x045c0000, 0x09150000)
  eden space 8064K,  37% used [0x03c00000, 0x03eeeb88, 0x043e0000)
  from space 960K,  44% used [0x043e0000, 0x0444a8f0, 0x044d0000)
  to   space 960K,   0% used [0x044d0000, 0x044d0000, 0x045c0000)
 tenured generation   total 19812K, used 12616K [0x09150000, 0x0a4a9000, 0x13c00000)
   the space 19812K,  63% used [0x09150000, 0x09da2008, 0x09da2200, 0x0a4a9000)
 Metaspace       used 22736K, capacity 24057K, committed 24064K, reserved 24960K
GC Heap History (10 events):
Event: 7.428 GC heap before
{Heap before GC invocations=53 (full 2):
 def new generation   total 6272K, used 6272K [0x03c00000, 0x042c0000, 0x09150000)
  eden space 5632K, 100% used [0x03c00000, 0x04180000, 0x04180000)
  from space 640K, 100% used [0x04180000, 0x04220000, 0x04220000)
  to   space 640K,   0% used [0x04220000, 0x04220000, 0x042c0000)
 tenured generation   total 13728K, used 13351K [0x09150000, 0x09eb8000, 0x13c00000)
   the space 13728K,  97% used [0x09150000, 0x09e59cf0, 0x09e59e00, 0x09eb8000)
 Metaspace       used 20578K, capacity 21830K, committed 21888K, reserved 21888K
Event: 7.475 GC heap after
Heap after GC invocations=54 (full 3):
 def new generation   total 9024K, used 0K [0x03c00000, 0x045c0000, 0x09150000)
  eden space 8064K,   0% used [0x03c00000, 0x03c00000, 0x043e0000)
  from space 960K,   0% used [0x043e0000, 0x043e0000, 0x044d0000)
  to   space 960K,   0% used [0x044d0000, 0x044d0000, 0x045c0000)
 tenured generation   total 19812K, used 11884K [0x09150000, 0x0a4a9000, 0x13c00000)
   the space 19812K,  59% used [0x09150000, 0x09ceb390, 0x09ceb400, 0x0a4a9000)
 Metaspace       used 20576K, capacity 21822K, committed 21888K, reserved 21888K
}
Event: 7.658 GC heap before
{Heap before GC invocations=54 (full 3):
 def new generation   total 9024K, used 8064K [0x03c00000, 0x045c0000, 0x09150000)
  eden space 8064K, 100% used [0x03c00000, 0x043e0000, 0x043e0000)
  from space 960K,   0% used [0x043e0000, 0x043e0000, 0x044d0000)
  to   space 960K,   0% used [0x044d0000, 0x044d0000, 0x045c0000)
 tenured generation   total 19812K, used 11884K [0x09150000, 0x0a4a9000, 0x13c00000)
   the space 19812K,  59% used [0x09150000, 0x09ceb390, 0x09ceb400, 0x0a4a9000)
 Metaspace       used 21098K, capacity 22344K, committed 22400K, reserved 22912K
Event: 7.668 GC heap after
Heap after GC invocations=55 (full 3):
 def new generation   total 9024K, used 886K [0x03c00000, 0x045c0000, 0x09150000)
  eden space 8064K,   0% used [0x03c00000, 0x03c00000, 0x043e0000)
  from space 960K,  92% used [0x044d0000, 0x045ad870, 0x045c0000)
  to   space 960K,   0% used [0x043e0000, 0x043e0000, 0x044d0000)
 tenured generation   total 19812K, used 11884K [0x09150000, 0x0a4a9000, 0x13c00000)
   the space 19812K,  59% used [0x09150000, 0x09ceb390, 0x09ceb400, 0x0a4a9000)
 Metaspace       used 21098K, capacity 22344K, committed 22400K, reserved 22912K
}
Event: 17.658 GC heap before
{Heap before GC invocations=55 (full 3):
 def new generation   total 9024K, used 8950K [0x03c00000, 0x045c0000, 0x09150000)
  eden space 8064K, 100% used [0x03c00000, 0x043e0000, 0x043e0000)
  from space 960K,  92% used [0x044d0000, 0x045ad870, 0x045c0000)
  to   space 960K,   0% used [0x043e0000, 0x043e0000, 0x044d0000)
 tenured generation   total 19812K, used 11884K [0x09150000, 0x0a4a9000, 0x13c00000)
   the space 19812K,  59% used [0x09150000, 0x09ceb390, 0x09ceb400, 0x0a4a9000)
 Metaspace       used 21667K, capacity 22940K, committed 23040K, reserved 23936K
Event: 17.662 GC heap after
Heap after GC invocations=56 (full 3):
 def new generation   total 9024K, used 874K [0x03c00000, 0x045c0000, 0x09150000)
  eden space 8064K,   0% used [0x03c00000, 0x03c00000, 0x043e0000)
  from space 960K,  91% used [0x043e0000, 0x044baa28, 0x044d0000)
  to   space 960K,   0% used [0x044d0000, 0x044d0000, 0x045c0000)
 tenured generation   total 19812K, used 12062K [0x09150000, 0x0a4a9000, 0x13c00000)
   the space 19812K,  60% used [0x09150000, 0x09d17aa0, 0x09d17c00, 0x0a4a9000)
 Metaspace       used 21667K, capacity 22940K, committed 23040K, reserved 23936K
}
Event: 33.781 GC heap before
{Heap before GC invocations=56 (full 3):
 def new generation   total 9024K, used 8929K [0x03c00000, 0x045c0000, 0x09150000)
  eden space 8064K,  99% used [0x03c00000, 0x043ddba8, 0x043e0000)
  from space 960K,  91% used [0x043e0000, 0x044baa28, 0x044d0000)
  to   space 960K,   0% used [0x044d0000, 0x044d0000, 0x045c0000)
 tenured generation   total 19812K, used 12062K [0x09150000, 0x0a4a9000, 0x13c00000)
   the space 19812K,  60% used [0x09150000, 0x09d17aa0, 0x09d17c00, 0x0a4a9000)
 Metaspace       used 22489K, capacity 23791K, committed 23808K, reserved 23936K
Event: 33.786 GC heap after
Heap after GC invocations=57 (full 3):
 def new generation   total 9024K, used 960K [0x03c00000, 0x045c0000, 0x09150000)
  eden space 8064K,   0% used [0x03c00000, 0x03c00000, 0x043e0000)
  from space 960K, 100% used [0x044d0000, 0x045c0000, 0x045c0000)
  to   space 960K,   0% used [0x043e0000, 0x043e0000, 0x044d0000)
 tenured generation   total 19812K, used 12357K [0x09150000, 0x0a4a9000, 0x13c00000)
   the space 19812K,  62% used [0x09150000, 0x09d614b8, 0x09d61600, 0x0a4a9000)
 Metaspace       used 22489K, capacity 23791K, committed 23808K, reserved 23936K
}
Event: 114.646 GC heap before
{Heap before GC invocations=57 (full 3):
 def new generation   total 9024K, used 9024K [0x03c00000, 0x045c0000, 0x09150000)
  eden space 8064K, 100% used [0x03c00000, 0x043e0000, 0x043e0000)
  from space 960K, 100% used [0x044d0000, 0x045c0000, 0x045c0000)
  to   space 960K,   0% used [0x043e0000, 0x043e0000, 0x044d0000)
 tenured generation   total 19812K, used 12357K [0x09150000, 0x0a4a9000, 0x13c00000)
   the space 19812K,  62% used [0x09150000, 0x09d614b8, 0x09d61600, 0x0a4a9000)
 Metaspace       used 22731K, capacity 24057K, committed 24064K, reserved 24960K
Event: 114.650 GC heap after
Heap after GC invocations=58 (full 3):
 def new generation   total 9024K, used 426K [0x03c00000, 0x045c0000, 0x09150000)
  eden space 8064K,   0% used [0x03c00000, 0x03c00000, 0x043e0000)
  from space 960K,  44% used [0x043e0000, 0x0444a8f0, 0x044d0000)
  to   space 960K,   0% used [0x044d0000, 0x044d0000, 0x045c0000)
 tenured generation   total 19812K, used 12616K [0x09150000, 0x0a4a9000, 0x13c00000)
   the space 19812K,  63% used [0x09150000, 0x09da2008, 0x09da2200, 0x0a4a9000)
 Metaspace       used 22731K, capacity 24057K, committed 24064K, reserved 24960K
}

